2016-12-17 15:46:38 [192.168.59.1][-][gkir1ld28fikeubmk66o6dn4f5][error][yii\db\Exception] exception 'PDOException' with message 'SQLSTATE[42S02]: Base table or view not found: 1146 Table 'yii2advanced.user' doesn't exist' in /mnt/hgfs/development/wwwroot/gesai.test.com/vendor/yiisoft/yii2/db/Command.php:900
Stack trace:
#0 /mnt/hgfs/development/wwwroot/gesai.test.com/vendor/yiisoft/yii2/db/Command.php(900): PDOStatement->execute()
#1 /mnt/hgfs/development/wwwroot/gesai.test.com/vendor/yiisoft/yii2/db/Command.php(376): yii\db\Command->queryInternal('fetch', NULL)
#2 /mnt/hgfs/development/wwwroot/gesai.test.com/vendor/yiisoft/yii2/db/Query.php(247): yii\db\Command->queryOne()
#3 /mnt/hgfs/development/wwwroot/gesai.test.com/vendor/yiisoft/yii2/db/ActiveQuery.php(295): yii\db\Query->one(NULL)
#4 /mnt/hgfs/development/wwwroot/gesai.test.com/vendor/yiisoft/yii2/db/BaseActiveRecord.php(107): yii\db\ActiveQuery->one()
#5 /mnt/hgfs/development/wwwroot/gesai.test.com/common/models/User.php(83): yii\db\BaseActiveRecord::findOne(Array)
#6 /mnt/hgfs/development/wwwroot/gesai.test.com/common/models/LoginForm.php(73): common\models\User::findByUsername('admin')
#7 /mnt/hgfs/development/wwwroot/gesai.test.com/common/models/LoginForm.php(44): common\models\LoginForm->getUser()
#8 [internal function]: common\models\LoginForm->validatePassword('password', NULL)
#9 /mnt/hgfs/development/wwwroot/gesai.test.com/vendor/yiisoft/yii2/validators/InlineValidator.php(69): call_user_func(Array, 'password', NULL)
#10 /mnt/hgfs/development/wwwroot/gesai.test.com/vendor/yiisoft/yii2/validators/Validator.php(265): yii\validators\InlineValidator->validateAttribute(Object(common\models\LoginForm), 'password')
#11 /mnt/hgfs/development/wwwroot/gesai.test.com/vendor/yiisoft/yii2/base/Model.php(356): yii\validators\Validator->validateAttributes(Object(common\models\LoginForm), Array)
#12 /mnt/hgfs/development/wwwroot/gesai.test.com/common/models/LoginForm.php(58): yii\base\Model->validate()
#13 /mnt/hgfs/development/wwwroot/gesai.test.com/frontend/controllers/SiteController.php(90): common\models\LoginForm->login()
#14 [internal function]: frontend\controllers\SiteController->actionLogin()
#15 /mnt/hgfs/development/wwwroot/gesai.test.com/vendor/yiisoft/yii2/base/InlineAction.php(55): call_user_func_array(Array, Array)
#16 /mnt/hgfs/development/wwwroot/gesai.test.com/vendor/yiisoft/yii2/base/Controller.php(154): yii\base\InlineAction->runWithParams(Array)
#17 /mnt/hgfs/development/wwwroot/gesai.test.com/vendor/yiisoft/yii2/base/Module.php(454): yii\base\Controller->runAction('login', Array)
#18 /mnt/hgfs/development/wwwroot/gesai.test.com/vendor/yiisoft/yii2/web/Application.php(100): yii\base\Module->runAction('site/login', Array)
#19 /mnt/hgfs/development/wwwroot/gesai.test.com/vendor/yiisoft/yii2/base/Application.php(375): yii\web\Application->handleRequest(Object(yii\web\Request))
#20 /mnt/hgfs/development/wwwroot/gesai.test.com/frontend/web/index.php(17): yii\base\Application->run()
#21 {main}

Next exception 'yii\db\Exception' with message 'SQLSTATE[42S02]: Base table or view not found: 1146 Table 'yii2advanced.user' doesn't exist
The SQL being executed was: SELECT * FROM `user` WHERE (`username`='admin') AND (`status`=10)' in /mnt/hgfs/development/wwwroot/gesai.test.com/vendor/yiisoft/yii2/db/Schema.php:631
Stack trace:
#0 /mnt/hgfs/development/wwwroot/gesai.test.com/vendor/yiisoft/yii2/db/Command.php(915): yii\db\Schema->convertException(Object(PDOException), 'SELECT * FROM `...')
#1 /mnt/hgfs/development/wwwroot/gesai.test.com/vendor/yiisoft/yii2/db/Command.php(376): yii\db\Command->queryInternal('fetch', NULL)
#2 /mnt/hgfs/development/wwwroot/gesai.test.com/vendor/yiisoft/yii2/db/Query.php(247): yii\db\Command->queryOne()
#3 /mnt/hgfs/development/wwwroot/gesai.test.com/vendor/yiisoft/yii2/db/ActiveQuery.php(295): yii\db\Query->one(NULL)
#4 /mnt/hgfs/development/wwwroot/gesai.test.com/vendor/yiisoft/yii2/db/BaseActiveRecord.php(107): yii\db\ActiveQuery->one()
#5 /mnt/hgfs/development/wwwroot/gesai.test.com/common/models/User.php(83): yii\db\BaseActiveRecord::findOne(Array)
#6 /mnt/hgfs/development/wwwroot/gesai.test.com/common/models/LoginForm.php(73): common\models\User::findByUsername('admin')
#7 /mnt/hgfs/development/wwwroot/gesai.test.com/common/models/LoginForm.php(44): common\models\LoginForm->getUser()
#8 [internal function]: common\models\LoginForm->validatePassword('password', NULL)
#9 /mnt/hgfs/development/wwwroot/gesai.test.com/vendor/yiisoft/yii2/validators/InlineValidator.php(69): call_user_func(Array, 'password', NULL)
#10 /mnt/hgfs/development/wwwroot/gesai.test.com/vendor/yiisoft/yii2/validators/Validator.php(265): yii\validators\InlineValidator->validateAttribute(Object(common\models\LoginForm), 'password')
#11 /mnt/hgfs/development/wwwroot/gesai.test.com/vendor/yiisoft/yii2/base/Model.php(356): yii\validators\Validator->validateAttributes(Object(common\models\LoginForm), Array)
#12 /mnt/hgfs/development/wwwroot/gesai.test.com/common/models/LoginForm.php(58): yii\base\Model->validate()
#13 /mnt/hgfs/development/wwwroot/gesai.test.com/frontend/controllers/SiteController.php(90): common\models\LoginForm->login()
#14 [internal function]: frontend\controllers\SiteController->actionLogin()
#15 /mnt/hgfs/development/wwwroot/gesai.test.com/vendor/yiisoft/yii2/base/InlineAction.php(55): call_user_func_array(Array, Array)
#16 /mnt/hgfs/development/wwwroot/gesai.test.com/vendor/yiisoft/yii2/base/Controller.php(154): yii\base\InlineAction->runWithParams(Array)
#17 /mnt/hgfs/development/wwwroot/gesai.test.com/vendor/yiisoft/yii2/base/Module.php(454): yii\base\Controller->runAction('login', Array)
#18 /mnt/hgfs/development/wwwroot/gesai.test.com/vendor/yiisoft/yii2/web/Application.php(100): yii\base\Module->runAction('site/login', Array)
#19 /mnt/hgfs/development/wwwroot/gesai.test.com/vendor/yiisoft/yii2/base/Application.php(375): yii\web\Application->handleRequest(Object(yii\web\Request))
#20 /mnt/hgfs/development/wwwroot/gesai.test.com/frontend/web/index.php(17): yii\base\Application->run()
#21 {main}
Additional Information:
Array
(
    [0] => 42S02
    [1] => 1146
    [2] => Table 'yii2advanced.user' doesn't exist
)

2016-12-17 15:46:38 [192.168.59.1][-][gkir1ld28fikeubmk66o6dn4f5][info][application] $_GET = [
    'r' => 'site/login'
]

$_POST = [
    '_csrf-frontend' => 'VFdSdE1Bdm5lMCglFTMlOwEUNzomdRhWZQMoFz8LOhh5HSRMBQQfVw=='
    'LoginForm' => [
        'username' => 'admin'
        'password' => 'admin'
        'rememberMe' => '0'
    ]
    'login-button' => ''
]

$_COOKIE = [
    'advanced-backend' => 's1cjm8mm8a56bf0aotokhv7oh4'
    '_csrf-backend' => '88e31401bbda466672825ab05a59445a32d1f790b089b57adc2ce08cb3550ec4a:2:{i:0;s:13:\"_csrf-backend\";i:1;s:32:\"PEa94W5i1X2I7qn_9Tff_eZpcAi5-3dl\";}'
    'advanced-frontend' => 'gkir1ld28fikeubmk66o6dn4f5'
    '_csrf-frontend' => '28ace7abbf550cf9d39df7d09dc93aa08580598d6af52f61923641ac078cdb61a:2:{i:0;s:14:\"_csrf-frontend\";i:1;s:32:\"1gzQXrSUUCeNk4n81TzcrJLv-Jv8HEi9\";}'
]

$_SESSION = [
    '__flash' => []
]

$_SERVER = [
    'USER' => 'www'
    'HOME' => '/home/www'
    'FCGI_ROLE' => 'RESPONDER'
    'SCRIPT_FILENAME' => '/home/wwwroot/gesai.test.com/frontend/web/index.php'
    'QUERY_STRING' => 'r=site%2Flogin'
    'REQUEST_METHOD' => 'POST'
    'CONTENT_TYPE' => 'application/x-www-form-urlencoded'
    'CONTENT_LENGTH' => '191'
    'SCRIPT_NAME' => '/frontend/web/index.php'
    'REQUEST_URI' => '/frontend/web/index.php?r=site%2Flogin'
    'DOCUMENT_URI' => '/frontend/web/index.php'
    'DOCUMENT_ROOT' => '/home/wwwroot/gesai.test.com'
    'SERVER_PROTOCOL' => 'HTTP/1.1'
    'GATEWAY_INTERFACE' => 'CGI/1.1'
    'SERVER_SOFTWARE' => 'nginx/1.8.0'
    'REMOTE_ADDR' => '192.168.59.1'
    'REMOTE_PORT' => '49965'
    'SERVER_ADDR' => '192.168.59.154'
    'SERVER_PORT' => '80'
    'SERVER_NAME' => 'gesai.test.com'
    'REDIRECT_STATUS' => '200'
    'HTTP_HOST' => 'gesai.test.com'
    'HTTP_CONNECTION' => 'keep-alive'
    'HTTP_CONTENT_LENGTH' => '191'
    'HTTP_CACHE_CONTROL' => 'max-age=0'
    'HTTP_ACCEPT' => 'text/html,application/xhtml+xml,application/xml;q=0.9,image/webp,*/*;q=0.8'
    'HTTP_ORIGIN' => 'http://gesai.test.com'
    'HTTP_UPGRADE_INSECURE_REQUESTS' => '1'
    'HTTP_USER_AGENT' => 'Mozilla/5.0 (Windows NT 6.3; WOW64) AppleWebKit/537.36 (KHTML, like Gecko) Chrome/49.0.2623.110 Safari/537.36'
    'HTTP_CONTENT_TYPE' => 'application/x-www-form-urlencoded'
    'HTTP_REFERER' => 'http://gesai.test.com/frontend/web/index.php?r=site%2Flogin'
    'HTTP_ACCEPT_ENCODING' => 'gzip, deflate'
    'HTTP_ACCEPT_LANGUAGE' => 'zh-CN,zh;q=0.8'
    'HTTP_COOKIE' => 'advanced-backend=s1cjm8mm8a56bf0aotokhv7oh4; _csrf-backend=88e31401bbda466672825ab05a59445a32d1f790b089b57adc2ce08cb3550ec4a%3A2%3A%7Bi%3A0%3Bs%3A13%3A%22_csrf-backend%22%3Bi%3A1%3Bs%3A32%3A%22PEa94W5i1X2I7qn_9Tff_eZpcAi5-3dl%22%3B%7D; advanced-frontend=gkir1ld28fikeubmk66o6dn4f5; _csrf-frontend=28ace7abbf550cf9d39df7d09dc93aa08580598d6af52f61923641ac078cdb61a%3A2%3A%7Bi%3A0%3Bs%3A14%3A%22_csrf-frontend%22%3Bi%3A1%3Bs%3A32%3A%221gzQXrSUUCeNk4n81TzcrJLv-Jv8HEi9%22%3B%7D'
    'PHP_SELF' => '/frontend/web/index.php'
    'REQUEST_TIME_FLOAT' => 1481960798.2333
    'REQUEST_TIME' => 1481960798
]
2016-12-17 15:47:24 [192.168.59.1][-][gkir1ld28fikeubmk66o6dn4f5][error][yii\db\Exception] exception 'PDOException' with message 'SQLSTATE[42S02]: Base table or view not found: 1146 Table 'yii2advanced.user' doesn't exist' in /mnt/hgfs/development/wwwroot/gesai.test.com/vendor/yiisoft/yii2/db/Command.php:900
Stack trace:
#0 /mnt/hgfs/development/wwwroot/gesai.test.com/vendor/yiisoft/yii2/db/Command.php(900): PDOStatement->execute()
#1 /mnt/hgfs/development/wwwroot/gesai.test.com/vendor/yiisoft/yii2/db/Command.php(376): yii\db\Command->queryInternal('fetch', NULL)
#2 /mnt/hgfs/development/wwwroot/gesai.test.com/vendor/yiisoft/yii2/db/Query.php(247): yii\db\Command->queryOne()
#3 /mnt/hgfs/development/wwwroot/gesai.test.com/vendor/yiisoft/yii2/db/ActiveQuery.php(295): yii\db\Query->one(NULL)
#4 /mnt/hgfs/development/wwwroot/gesai.test.com/vendor/yiisoft/yii2/db/BaseActiveRecord.php(107): yii\db\ActiveQuery->one()
#5 /mnt/hgfs/development/wwwroot/gesai.test.com/common/models/User.php(83): yii\db\BaseActiveRecord::findOne(Array)
#6 /mnt/hgfs/development/wwwroot/gesai.test.com/common/models/LoginForm.php(73): common\models\User::findByUsername('admin')
#7 /mnt/hgfs/development/wwwroot/gesai.test.com/common/models/LoginForm.php(44): common\models\LoginForm->getUser()
#8 [internal function]: common\models\LoginForm->validatePassword('password', NULL)
#9 /mnt/hgfs/development/wwwroot/gesai.test.com/vendor/yiisoft/yii2/validators/InlineValidator.php(69): call_user_func(Array, 'password', NULL)
#10 /mnt/hgfs/development/wwwroot/gesai.test.com/vendor/yiisoft/yii2/validators/Validator.php(265): yii\validators\InlineValidator->validateAttribute(Object(common\models\LoginForm), 'password')
#11 /mnt/hgfs/development/wwwroot/gesai.test.com/vendor/yiisoft/yii2/base/Model.php(356): yii\validators\Validator->validateAttributes(Object(common\models\LoginForm), Array)
#12 /mnt/hgfs/development/wwwroot/gesai.test.com/common/models/LoginForm.php(58): yii\base\Model->validate()
#13 /mnt/hgfs/development/wwwroot/gesai.test.com/frontend/controllers/SiteController.php(90): common\models\LoginForm->login()
#14 [internal function]: frontend\controllers\SiteController->actionLogin()
#15 /mnt/hgfs/development/wwwroot/gesai.test.com/vendor/yiisoft/yii2/base/InlineAction.php(55): call_user_func_array(Array, Array)
#16 /mnt/hgfs/development/wwwroot/gesai.test.com/vendor/yiisoft/yii2/base/Controller.php(154): yii\base\InlineAction->runWithParams(Array)
#17 /mnt/hgfs/development/wwwroot/gesai.test.com/vendor/yiisoft/yii2/base/Module.php(454): yii\base\Controller->runAction('login', Array)
#18 /mnt/hgfs/development/wwwroot/gesai.test.com/vendor/yiisoft/yii2/web/Application.php(100): yii\base\Module->runAction('site/login', Array)
#19 /mnt/hgfs/development/wwwroot/gesai.test.com/vendor/yiisoft/yii2/base/Application.php(375): yii\web\Application->handleRequest(Object(yii\web\Request))
#20 /mnt/hgfs/development/wwwroot/gesai.test.com/frontend/web/index.php(17): yii\base\Application->run()
#21 {main}

Next exception 'yii\db\Exception' with message 'SQLSTATE[42S02]: Base table or view not found: 1146 Table 'yii2advanced.user' doesn't exist
The SQL being executed was: SELECT * FROM `user` WHERE (`username`='admin') AND (`status`=10)' in /mnt/hgfs/development/wwwroot/gesai.test.com/vendor/yiisoft/yii2/db/Schema.php:631
Stack trace:
#0 /mnt/hgfs/development/wwwroot/gesai.test.com/vendor/yiisoft/yii2/db/Command.php(915): yii\db\Schema->convertException(Object(PDOException), 'SELECT * FROM `...')
#1 /mnt/hgfs/development/wwwroot/gesai.test.com/vendor/yiisoft/yii2/db/Command.php(376): yii\db\Command->queryInternal('fetch', NULL)
#2 /mnt/hgfs/development/wwwroot/gesai.test.com/vendor/yiisoft/yii2/db/Query.php(247): yii\db\Command->queryOne()
#3 /mnt/hgfs/development/wwwroot/gesai.test.com/vendor/yiisoft/yii2/db/ActiveQuery.php(295): yii\db\Query->one(NULL)
#4 /mnt/hgfs/development/wwwroot/gesai.test.com/vendor/yiisoft/yii2/db/BaseActiveRecord.php(107): yii\db\ActiveQuery->one()
#5 /mnt/hgfs/development/wwwroot/gesai.test.com/common/models/User.php(83): yii\db\BaseActiveRecord::findOne(Array)
#6 /mnt/hgfs/development/wwwroot/gesai.test.com/common/models/LoginForm.php(73): common\models\User::findByUsername('admin')
#7 /mnt/hgfs/development/wwwroot/gesai.test.com/common/models/LoginForm.php(44): common\models\LoginForm->getUser()
#8 [internal function]: common\models\LoginForm->validatePassword('password', NULL)
#9 /mnt/hgfs/development/wwwroot/gesai.test.com/vendor/yiisoft/yii2/validators/InlineValidator.php(69): call_user_func(Array, 'password', NULL)
#10 /mnt/hgfs/development/wwwroot/gesai.test.com/vendor/yiisoft/yii2/validators/Validator.php(265): yii\validators\InlineValidator->validateAttribute(Object(common\models\LoginForm), 'password')
#11 /mnt/hgfs/development/wwwroot/gesai.test.com/vendor/yiisoft/yii2/base/Model.php(356): yii\validators\Validator->validateAttributes(Object(common\models\LoginForm), Array)
#12 /mnt/hgfs/development/wwwroot/gesai.test.com/common/models/LoginForm.php(58): yii\base\Model->validate()
#13 /mnt/hgfs/development/wwwroot/gesai.test.com/frontend/controllers/SiteController.php(90): common\models\LoginForm->login()
#14 [internal function]: frontend\controllers\SiteController->actionLogin()
#15 /mnt/hgfs/development/wwwroot/gesai.test.com/vendor/yiisoft/yii2/base/InlineAction.php(55): call_user_func_array(Array, Array)
#16 /mnt/hgfs/development/wwwroot/gesai.test.com/vendor/yiisoft/yii2/base/Controller.php(154): yii\base\InlineAction->runWithParams(Array)
#17 /mnt/hgfs/development/wwwroot/gesai.test.com/vendor/yiisoft/yii2/base/Module.php(454): yii\base\Controller->runAction('login', Array)
#18 /mnt/hgfs/development/wwwroot/gesai.test.com/vendor/yiisoft/yii2/web/Application.php(100): yii\base\Module->runAction('site/login', Array)
#19 /mnt/hgfs/development/wwwroot/gesai.test.com/vendor/yiisoft/yii2/base/Application.php(375): yii\web\Application->handleRequest(Object(yii\web\Request))
#20 /mnt/hgfs/development/wwwroot/gesai.test.com/frontend/web/index.php(17): yii\base\Application->run()
#21 {main}
Additional Information:
Array
(
    [0] => 42S02
    [1] => 1146
    [2] => Table 'yii2advanced.user' doesn't exist
)

2016-12-17 15:47:24 [192.168.59.1][-][gkir1ld28fikeubmk66o6dn4f5][info][application] $_GET = [
    'r' => 'site/login'
]

$_POST = [
    '_csrf-frontend' => 'Z3htOThvWlFWHxdoYB0JBDI7CHdTWzRpViwXWkolFidKMhsBcCozaA=='
    'LoginForm' => [
        'username' => 'admin'
        'password' => 'admin'
        'rememberMe' => '1'
    ]
    'login-button' => ''
]

$_COOKIE = [
    'advanced-backend' => 's1cjm8mm8a56bf0aotokhv7oh4'
    '_csrf-backend' => '88e31401bbda466672825ab05a59445a32d1f790b089b57adc2ce08cb3550ec4a:2:{i:0;s:13:\"_csrf-backend\";i:1;s:32:\"PEa94W5i1X2I7qn_9Tff_eZpcAi5-3dl\";}'
    'advanced-frontend' => 'gkir1ld28fikeubmk66o6dn4f5'
    '_csrf-frontend' => '28ace7abbf550cf9d39df7d09dc93aa08580598d6af52f61923641ac078cdb61a:2:{i:0;s:14:\"_csrf-frontend\";i:1;s:32:\"1gzQXrSUUCeNk4n81TzcrJLv-Jv8HEi9\";}'
]

$_SESSION = [
    '__flash' => []
    '__captcha/site/captcha' => 'tomdge'
    '__captcha/site/captchacount' => 1
]

$_SERVER = [
    'USER' => 'www'
    'HOME' => '/home/www'
    'FCGI_ROLE' => 'RESPONDER'
    'SCRIPT_FILENAME' => '/home/wwwroot/gesai.test.com/frontend/web/index.php'
    'QUERY_STRING' => 'r=site%2Flogin'
    'REQUEST_METHOD' => 'POST'
    'CONTENT_TYPE' => 'application/x-www-form-urlencoded'
    'CONTENT_LENGTH' => '219'
    'SCRIPT_NAME' => '/frontend/web/index.php'
    'REQUEST_URI' => '/frontend/web/index.php?r=site%2Flogin'
    'DOCUMENT_URI' => '/frontend/web/index.php'
    'DOCUMENT_ROOT' => '/home/wwwroot/gesai.test.com'
    'SERVER_PROTOCOL' => 'HTTP/1.1'
    'GATEWAY_INTERFACE' => 'CGI/1.1'
    'SERVER_SOFTWARE' => 'nginx/1.8.0'
    'REMOTE_ADDR' => '192.168.59.1'
    'REMOTE_PORT' => '49963'
    'SERVER_ADDR' => '192.168.59.154'
    'SERVER_PORT' => '80'
    'SERVER_NAME' => 'gesai.test.com'
    'REDIRECT_STATUS' => '200'
    'HTTP_HOST' => 'gesai.test.com'
    'HTTP_CONNECTION' => 'keep-alive'
    'HTTP_CONTENT_LENGTH' => '219'
    'HTTP_CACHE_CONTROL' => 'max-age=0'
    'HTTP_ACCEPT' => 'text/html,application/xhtml+xml,application/xml;q=0.9,image/webp,*/*;q=0.8'
    'HTTP_ORIGIN' => 'http://gesai.test.com'
    'HTTP_UPGRADE_INSECURE_REQUESTS' => '1'
    'HTTP_USER_AGENT' => 'Mozilla/5.0 (Windows NT 6.3; WOW64) AppleWebKit/537.36 (KHTML, like Gecko) Chrome/49.0.2623.110 Safari/537.36'
    'HTTP_CONTENT_TYPE' => 'application/x-www-form-urlencoded'
    'HTTP_REFERER' => 'http://gesai.test.com/frontend/web/index.php?r=site%2Flogin'
    'HTTP_ACCEPT_ENCODING' => 'gzip, deflate'
    'HTTP_ACCEPT_LANGUAGE' => 'zh-CN,zh;q=0.8'
    'HTTP_COOKIE' => 'advanced-backend=s1cjm8mm8a56bf0aotokhv7oh4; _csrf-backend=88e31401bbda466672825ab05a59445a32d1f790b089b57adc2ce08cb3550ec4a%3A2%3A%7Bi%3A0%3Bs%3A13%3A%22_csrf-backend%22%3Bi%3A1%3Bs%3A32%3A%22PEa94W5i1X2I7qn_9Tff_eZpcAi5-3dl%22%3B%7D; advanced-frontend=gkir1ld28fikeubmk66o6dn4f5; _csrf-frontend=28ace7abbf550cf9d39df7d09dc93aa08580598d6af52f61923641ac078cdb61a%3A2%3A%7Bi%3A0%3Bs%3A14%3A%22_csrf-frontend%22%3Bi%3A1%3Bs%3A32%3A%221gzQXrSUUCeNk4n81TzcrJLv-Jv8HEi9%22%3B%7D'
    'PHP_SELF' => '/frontend/web/index.php'
    'REQUEST_TIME_FLOAT' => 1481960844.0535
    'REQUEST_TIME' => 1481960844
]
2016-12-17 16:21:26 [192.168.59.1][1][l3k8qo45a463bkj1hk925572c7][error][yii\web\HttpException:404] exception 'yii\base\InvalidRouteException' with message 'Unable to resolve the request "gii".' in /mnt/hgfs/development/wwwroot/gesai.test.com/vendor/yiisoft/yii2/base/Module.php:462
Stack trace:
#0 /mnt/hgfs/development/wwwroot/gesai.test.com/vendor/yiisoft/yii2/web/Application.php(100): yii\base\Module->runAction('gii', Array)
#1 /mnt/hgfs/development/wwwroot/gesai.test.com/vendor/yiisoft/yii2/base/Application.php(375): yii\web\Application->handleRequest(Object(yii\web\Request))
#2 /mnt/hgfs/development/wwwroot/gesai.test.com/frontend/web/index.php(17): yii\base\Application->run()
#3 {main}

Next exception 'yii\web\NotFoundHttpException' with message 'Page not found.' in /mnt/hgfs/development/wwwroot/gesai.test.com/vendor/yiisoft/yii2/web/Application.php:112
Stack trace:
#0 /mnt/hgfs/development/wwwroot/gesai.test.com/vendor/yiisoft/yii2/base/Application.php(375): yii\web\Application->handleRequest(Object(yii\web\Request))
#1 /mnt/hgfs/development/wwwroot/gesai.test.com/frontend/web/index.php(17): yii\base\Application->run()
#2 {main}
2016-12-17 16:21:26 [192.168.59.1][1][l3k8qo45a463bkj1hk925572c7][info][application] $_GET = [
    'r' => 'gii'
]

$_COOKIE = [
    '_csrf-backend' => '88e31401bbda466672825ab05a59445a32d1f790b089b57adc2ce08cb3550ec4a:2:{i:0;s:13:\"_csrf-backend\";i:1;s:32:\"PEa94W5i1X2I7qn_9Tff_eZpcAi5-3dl\";}'
    '_csrf-frontend' => '28ace7abbf550cf9d39df7d09dc93aa08580598d6af52f61923641ac078cdb61a:2:{i:0;s:14:\"_csrf-frontend\";i:1;s:32:\"1gzQXrSUUCeNk4n81TzcrJLv-Jv8HEi9\";}'
    'advanced-frontend' => 'l3k8qo45a463bkj1hk925572c7'
    'advanced-backend' => 'eqgkbdqlv8k07t7vt06ts46lp2'
]

$_SESSION = [
    '__flash' => []
    '__captcha/site/captcha' => 'tomdge'
    '__captcha/site/captchacount' => 1
    '__id' => 1
]

$_SERVER = [
    'USER' => 'www'
    'HOME' => '/home/www'
    'FCGI_ROLE' => 'RESPONDER'
    'SCRIPT_FILENAME' => '/home/wwwroot/gesai.test.com/frontend/web/index.php'
    'QUERY_STRING' => 'r=gii'
    'REQUEST_METHOD' => 'GET'
    'CONTENT_TYPE' => ''
    'CONTENT_LENGTH' => ''
    'SCRIPT_NAME' => '/frontend/web/index.php'
    'REQUEST_URI' => '/frontend/web/index.php?r=gii'
    'DOCUMENT_URI' => '/frontend/web/index.php'
    'DOCUMENT_ROOT' => '/home/wwwroot/gesai.test.com'
    'SERVER_PROTOCOL' => 'HTTP/1.1'
    'GATEWAY_INTERFACE' => 'CGI/1.1'
    'SERVER_SOFTWARE' => 'nginx/1.8.0'
    'REMOTE_ADDR' => '192.168.59.1'
    'REMOTE_PORT' => '51722'
    'SERVER_ADDR' => '192.168.59.154'
    'SERVER_PORT' => '80'
    'SERVER_NAME' => 'gesai.test.com'
    'REDIRECT_STATUS' => '200'
    'HTTP_HOST' => 'gesai.test.com'
    'HTTP_CONNECTION' => 'keep-alive'
    'HTTP_ACCEPT' => 'text/html,application/xhtml+xml,application/xml;q=0.9,image/webp,*/*;q=0.8'
    'HTTP_UPGRADE_INSECURE_REQUESTS' => '1'
    'HTTP_USER_AGENT' => 'Mozilla/5.0 (Windows NT 6.3; WOW64) AppleWebKit/537.36 (KHTML, like Gecko) Chrome/49.0.2623.110 Safari/537.36'
    'HTTP_ACCEPT_ENCODING' => 'gzip, deflate, sdch'
    'HTTP_ACCEPT_LANGUAGE' => 'zh-CN,zh;q=0.8'
    'HTTP_COOKIE' => '_csrf-backend=88e31401bbda466672825ab05a59445a32d1f790b089b57adc2ce08cb3550ec4a%3A2%3A%7Bi%3A0%3Bs%3A13%3A%22_csrf-backend%22%3Bi%3A1%3Bs%3A32%3A%22PEa94W5i1X2I7qn_9Tff_eZpcAi5-3dl%22%3B%7D; _csrf-frontend=28ace7abbf550cf9d39df7d09dc93aa08580598d6af52f61923641ac078cdb61a%3A2%3A%7Bi%3A0%3Bs%3A14%3A%22_csrf-frontend%22%3Bi%3A1%3Bs%3A32%3A%221gzQXrSUUCeNk4n81TzcrJLv-Jv8HEi9%22%3B%7D; advanced-frontend=l3k8qo45a463bkj1hk925572c7; advanced-backend=eqgkbdqlv8k07t7vt06ts46lp2'
    'PHP_SELF' => '/frontend/web/index.php'
    'REQUEST_TIME_FLOAT' => 1481962886.4443
    'REQUEST_TIME' => 1481962886
]
2016-12-17 16:21:28 [192.168.59.1][1][l3k8qo45a463bkj1hk925572c7][error][yii\web\HttpException:404] exception 'yii\base\InvalidRouteException' with message 'Unable to resolve the request "gii".' in /mnt/hgfs/development/wwwroot/gesai.test.com/vendor/yiisoft/yii2/base/Module.php:462
Stack trace:
#0 /mnt/hgfs/development/wwwroot/gesai.test.com/vendor/yiisoft/yii2/web/Application.php(100): yii\base\Module->runAction('gii', Array)
#1 /mnt/hgfs/development/wwwroot/gesai.test.com/vendor/yiisoft/yii2/base/Application.php(375): yii\web\Application->handleRequest(Object(yii\web\Request))
#2 /mnt/hgfs/development/wwwroot/gesai.test.com/frontend/web/index.php(17): yii\base\Application->run()
#3 {main}

Next exception 'yii\web\NotFoundHttpException' with message 'Page not found.' in /mnt/hgfs/development/wwwroot/gesai.test.com/vendor/yiisoft/yii2/web/Application.php:112
Stack trace:
#0 /mnt/hgfs/development/wwwroot/gesai.test.com/vendor/yiisoft/yii2/base/Application.php(375): yii\web\Application->handleRequest(Object(yii\web\Request))
#1 /mnt/hgfs/development/wwwroot/gesai.test.com/frontend/web/index.php(17): yii\base\Application->run()
#2 {main}
2016-12-17 16:21:28 [192.168.59.1][1][l3k8qo45a463bkj1hk925572c7][info][application] $_GET = [
    'r' => 'gii'
]

$_COOKIE = [
    '_csrf-backend' => '88e31401bbda466672825ab05a59445a32d1f790b089b57adc2ce08cb3550ec4a:2:{i:0;s:13:\"_csrf-backend\";i:1;s:32:\"PEa94W5i1X2I7qn_9Tff_eZpcAi5-3dl\";}'
    '_csrf-frontend' => '28ace7abbf550cf9d39df7d09dc93aa08580598d6af52f61923641ac078cdb61a:2:{i:0;s:14:\"_csrf-frontend\";i:1;s:32:\"1gzQXrSUUCeNk4n81TzcrJLv-Jv8HEi9\";}'
    'advanced-frontend' => 'l3k8qo45a463bkj1hk925572c7'
    'advanced-backend' => 'eqgkbdqlv8k07t7vt06ts46lp2'
]

$_SESSION = [
    '__flash' => []
    '__captcha/site/captcha' => 'tomdge'
    '__captcha/site/captchacount' => 1
    '__id' => 1
]

$_SERVER = [
    'USER' => 'www'
    'HOME' => '/home/www'
    'FCGI_ROLE' => 'RESPONDER'
    'SCRIPT_FILENAME' => '/home/wwwroot/gesai.test.com/frontend/web/index.php'
    'QUERY_STRING' => 'r=gii'
    'REQUEST_METHOD' => 'GET'
    'CONTENT_TYPE' => ''
    'CONTENT_LENGTH' => ''
    'SCRIPT_NAME' => '/frontend/web/index.php'
    'REQUEST_URI' => '/frontend/web/index.php?r=gii'
    'DOCUMENT_URI' => '/frontend/web/index.php'
    'DOCUMENT_ROOT' => '/home/wwwroot/gesai.test.com'
    'SERVER_PROTOCOL' => 'HTTP/1.1'
    'GATEWAY_INTERFACE' => 'CGI/1.1'
    'SERVER_SOFTWARE' => 'nginx/1.8.0'
    'REMOTE_ADDR' => '192.168.59.1'
    'REMOTE_PORT' => '51722'
    'SERVER_ADDR' => '192.168.59.154'
    'SERVER_PORT' => '80'
    'SERVER_NAME' => 'gesai.test.com'
    'REDIRECT_STATUS' => '200'
    'HTTP_HOST' => 'gesai.test.com'
    'HTTP_CONNECTION' => 'keep-alive'
    'HTTP_CACHE_CONTROL' => 'max-age=0'
    'HTTP_ACCEPT' => 'text/html,application/xhtml+xml,application/xml;q=0.9,image/webp,*/*;q=0.8'
    'HTTP_UPGRADE_INSECURE_REQUESTS' => '1'
    'HTTP_USER_AGENT' => 'Mozilla/5.0 (Windows NT 6.3; WOW64) AppleWebKit/537.36 (KHTML, like Gecko) Chrome/49.0.2623.110 Safari/537.36'
    'HTTP_ACCEPT_ENCODING' => 'gzip, deflate, sdch'
    'HTTP_ACCEPT_LANGUAGE' => 'zh-CN,zh;q=0.8'
    'HTTP_COOKIE' => '_csrf-backend=88e31401bbda466672825ab05a59445a32d1f790b089b57adc2ce08cb3550ec4a%3A2%3A%7Bi%3A0%3Bs%3A13%3A%22_csrf-backend%22%3Bi%3A1%3Bs%3A32%3A%22PEa94W5i1X2I7qn_9Tff_eZpcAi5-3dl%22%3B%7D; _csrf-frontend=28ace7abbf550cf9d39df7d09dc93aa08580598d6af52f61923641ac078cdb61a%3A2%3A%7Bi%3A0%3Bs%3A14%3A%22_csrf-frontend%22%3Bi%3A1%3Bs%3A32%3A%221gzQXrSUUCeNk4n81TzcrJLv-Jv8HEi9%22%3B%7D; advanced-frontend=l3k8qo45a463bkj1hk925572c7; advanced-backend=eqgkbdqlv8k07t7vt06ts46lp2'
    'PHP_SELF' => '/frontend/web/index.php'
    'REQUEST_TIME_FLOAT' => 1481962888.7626
    'REQUEST_TIME' => 1481962888
]
2016-12-17 16:21:29 [192.168.59.1][1][l3k8qo45a463bkj1hk925572c7][error][yii\web\HttpException:404] exception 'yii\base\InvalidRouteException' with message 'Unable to resolve the request "gii".' in /mnt/hgfs/development/wwwroot/gesai.test.com/vendor/yiisoft/yii2/base/Module.php:462
Stack trace:
#0 /mnt/hgfs/development/wwwroot/gesai.test.com/vendor/yiisoft/yii2/web/Application.php(100): yii\base\Module->runAction('gii', Array)
#1 /mnt/hgfs/development/wwwroot/gesai.test.com/vendor/yiisoft/yii2/base/Application.php(375): yii\web\Application->handleRequest(Object(yii\web\Request))
#2 /mnt/hgfs/development/wwwroot/gesai.test.com/frontend/web/index.php(17): yii\base\Application->run()
#3 {main}

Next exception 'yii\web\NotFoundHttpException' with message 'Page not found.' in /mnt/hgfs/development/wwwroot/gesai.test.com/vendor/yiisoft/yii2/web/Application.php:112
Stack trace:
#0 /mnt/hgfs/development/wwwroot/gesai.test.com/vendor/yiisoft/yii2/base/Application.php(375): yii\web\Application->handleRequest(Object(yii\web\Request))
#1 /mnt/hgfs/development/wwwroot/gesai.test.com/frontend/web/index.php(17): yii\base\Application->run()
#2 {main}
2016-12-17 16:21:29 [192.168.59.1][1][l3k8qo45a463bkj1hk925572c7][info][application] $_GET = [
    'r' => 'gii'
]

$_COOKIE = [
    '_csrf-backend' => '88e31401bbda466672825ab05a59445a32d1f790b089b57adc2ce08cb3550ec4a:2:{i:0;s:13:\"_csrf-backend\";i:1;s:32:\"PEa94W5i1X2I7qn_9Tff_eZpcAi5-3dl\";}'
    '_csrf-frontend' => '28ace7abbf550cf9d39df7d09dc93aa08580598d6af52f61923641ac078cdb61a:2:{i:0;s:14:\"_csrf-frontend\";i:1;s:32:\"1gzQXrSUUCeNk4n81TzcrJLv-Jv8HEi9\";}'
    'advanced-frontend' => 'l3k8qo45a463bkj1hk925572c7'
    'advanced-backend' => 'eqgkbdqlv8k07t7vt06ts46lp2'
]

$_SESSION = [
    '__flash' => []
    '__captcha/site/captcha' => 'tomdge'
    '__captcha/site/captchacount' => 1
    '__id' => 1
]

$_SERVER = [
    'USER' => 'www'
    'HOME' => '/home/www'
    'FCGI_ROLE' => 'RESPONDER'
    'SCRIPT_FILENAME' => '/home/wwwroot/gesai.test.com/frontend/web/index.php'
    'QUERY_STRING' => 'r=gii'
    'REQUEST_METHOD' => 'GET'
    'CONTENT_TYPE' => ''
    'CONTENT_LENGTH' => ''
    'SCRIPT_NAME' => '/frontend/web/index.php'
    'REQUEST_URI' => '/frontend/web/index.php?r=gii'
    'DOCUMENT_URI' => '/frontend/web/index.php'
    'DOCUMENT_ROOT' => '/home/wwwroot/gesai.test.com'
    'SERVER_PROTOCOL' => 'HTTP/1.1'
    'GATEWAY_INTERFACE' => 'CGI/1.1'
    'SERVER_SOFTWARE' => 'nginx/1.8.0'
    'REMOTE_ADDR' => '192.168.59.1'
    'REMOTE_PORT' => '51726'
    'SERVER_ADDR' => '192.168.59.154'
    'SERVER_PORT' => '80'
    'SERVER_NAME' => 'gesai.test.com'
    'REDIRECT_STATUS' => '200'
    'HTTP_HOST' => 'gesai.test.com'
    'HTTP_CONNECTION' => 'keep-alive'
    'HTTP_CACHE_CONTROL' => 'max-age=0'
    'HTTP_ACCEPT' => 'text/html,application/xhtml+xml,application/xml;q=0.9,image/webp,*/*;q=0.8'
    'HTTP_UPGRADE_INSECURE_REQUESTS' => '1'
    'HTTP_USER_AGENT' => 'Mozilla/5.0 (Windows NT 6.3; WOW64) AppleWebKit/537.36 (KHTML, like Gecko) Chrome/49.0.2623.110 Safari/537.36'
    'HTTP_ACCEPT_ENCODING' => 'gzip, deflate, sdch'
    'HTTP_ACCEPT_LANGUAGE' => 'zh-CN,zh;q=0.8'
    'HTTP_COOKIE' => '_csrf-backend=88e31401bbda466672825ab05a59445a32d1f790b089b57adc2ce08cb3550ec4a%3A2%3A%7Bi%3A0%3Bs%3A13%3A%22_csrf-backend%22%3Bi%3A1%3Bs%3A32%3A%22PEa94W5i1X2I7qn_9Tff_eZpcAi5-3dl%22%3B%7D; _csrf-frontend=28ace7abbf550cf9d39df7d09dc93aa08580598d6af52f61923641ac078cdb61a%3A2%3A%7Bi%3A0%3Bs%3A14%3A%22_csrf-frontend%22%3Bi%3A1%3Bs%3A32%3A%221gzQXrSUUCeNk4n81TzcrJLv-Jv8HEi9%22%3B%7D; advanced-frontend=l3k8qo45a463bkj1hk925572c7; advanced-backend=eqgkbdqlv8k07t7vt06ts46lp2'
    'PHP_SELF' => '/frontend/web/index.php'
    'REQUEST_TIME_FLOAT' => 1481962889.4237
    'REQUEST_TIME' => 1481962889
]
2016-12-17 16:21:29 [192.168.59.1][1][l3k8qo45a463bkj1hk925572c7][error][yii\web\HttpException:404] exception 'yii\base\InvalidRouteException' with message 'Unable to resolve the request "gii".' in /mnt/hgfs/development/wwwroot/gesai.test.com/vendor/yiisoft/yii2/base/Module.php:462
Stack trace:
#0 /mnt/hgfs/development/wwwroot/gesai.test.com/vendor/yiisoft/yii2/web/Application.php(100): yii\base\Module->runAction('gii', Array)
#1 /mnt/hgfs/development/wwwroot/gesai.test.com/vendor/yiisoft/yii2/base/Application.php(375): yii\web\Application->handleRequest(Object(yii\web\Request))
#2 /mnt/hgfs/development/wwwroot/gesai.test.com/frontend/web/index.php(17): yii\base\Application->run()
#3 {main}

Next exception 'yii\web\NotFoundHttpException' with message 'Page not found.' in /mnt/hgfs/development/wwwroot/gesai.test.com/vendor/yiisoft/yii2/web/Application.php:112
Stack trace:
#0 /mnt/hgfs/development/wwwroot/gesai.test.com/vendor/yiisoft/yii2/base/Application.php(375): yii\web\Application->handleRequest(Object(yii\web\Request))
#1 /mnt/hgfs/development/wwwroot/gesai.test.com/frontend/web/index.php(17): yii\base\Application->run()
#2 {main}
2016-12-17 16:21:29 [192.168.59.1][1][l3k8qo45a463bkj1hk925572c7][info][application] $_GET = [
    'r' => 'gii'
]

$_COOKIE = [
    '_csrf-backend' => '88e31401bbda466672825ab05a59445a32d1f790b089b57adc2ce08cb3550ec4a:2:{i:0;s:13:\"_csrf-backend\";i:1;s:32:\"PEa94W5i1X2I7qn_9Tff_eZpcAi5-3dl\";}'
    '_csrf-frontend' => '28ace7abbf550cf9d39df7d09dc93aa08580598d6af52f61923641ac078cdb61a:2:{i:0;s:14:\"_csrf-frontend\";i:1;s:32:\"1gzQXrSUUCeNk4n81TzcrJLv-Jv8HEi9\";}'
    'advanced-frontend' => 'l3k8qo45a463bkj1hk925572c7'
    'advanced-backend' => 'eqgkbdqlv8k07t7vt06ts46lp2'
]

$_SESSION = [
    '__flash' => []
    '__captcha/site/captcha' => 'tomdge'
    '__captcha/site/captchacount' => 1
    '__id' => 1
]

$_SERVER = [
    'USER' => 'www'
    'HOME' => '/home/www'
    'FCGI_ROLE' => 'RESPONDER'
    'SCRIPT_FILENAME' => '/home/wwwroot/gesai.test.com/frontend/web/index.php'
    'QUERY_STRING' => 'r=gii'
    'REQUEST_METHOD' => 'GET'
    'CONTENT_TYPE' => ''
    'CONTENT_LENGTH' => ''
    'SCRIPT_NAME' => '/frontend/web/index.php'
    'REQUEST_URI' => '/frontend/web/index.php?r=gii'
    'DOCUMENT_URI' => '/frontend/web/index.php'
    'DOCUMENT_ROOT' => '/home/wwwroot/gesai.test.com'
    'SERVER_PROTOCOL' => 'HTTP/1.1'
    'GATEWAY_INTERFACE' => 'CGI/1.1'
    'SERVER_SOFTWARE' => 'nginx/1.8.0'
    'REMOTE_ADDR' => '192.168.59.1'
    'REMOTE_PORT' => '51722'
    'SERVER_ADDR' => '192.168.59.154'
    'SERVER_PORT' => '80'
    'SERVER_NAME' => 'gesai.test.com'
    'REDIRECT_STATUS' => '200'
    'HTTP_HOST' => 'gesai.test.com'
    'HTTP_CONNECTION' => 'keep-alive'
    'HTTP_CACHE_CONTROL' => 'max-age=0'
    'HTTP_ACCEPT' => 'text/html,application/xhtml+xml,application/xml;q=0.9,image/webp,*/*;q=0.8'
    'HTTP_UPGRADE_INSECURE_REQUESTS' => '1'
    'HTTP_USER_AGENT' => 'Mozilla/5.0 (Windows NT 6.3; WOW64) AppleWebKit/537.36 (KHTML, like Gecko) Chrome/49.0.2623.110 Safari/537.36'
    'HTTP_ACCEPT_ENCODING' => 'gzip, deflate, sdch'
    'HTTP_ACCEPT_LANGUAGE' => 'zh-CN,zh;q=0.8'
    'HTTP_COOKIE' => '_csrf-backend=88e31401bbda466672825ab05a59445a32d1f790b089b57adc2ce08cb3550ec4a%3A2%3A%7Bi%3A0%3Bs%3A13%3A%22_csrf-backend%22%3Bi%3A1%3Bs%3A32%3A%22PEa94W5i1X2I7qn_9Tff_eZpcAi5-3dl%22%3B%7D; _csrf-frontend=28ace7abbf550cf9d39df7d09dc93aa08580598d6af52f61923641ac078cdb61a%3A2%3A%7Bi%3A0%3Bs%3A14%3A%22_csrf-frontend%22%3Bi%3A1%3Bs%3A32%3A%221gzQXrSUUCeNk4n81TzcrJLv-Jv8HEi9%22%3B%7D; advanced-frontend=l3k8qo45a463bkj1hk925572c7; advanced-backend=eqgkbdqlv8k07t7vt06ts46lp2'
    'PHP_SELF' => '/frontend/web/index.php'
    'REQUEST_TIME_FLOAT' => 1481962889.777
    'REQUEST_TIME' => 1481962889
]
2016-12-17 16:21:30 [192.168.59.1][1][l3k8qo45a463bkj1hk925572c7][error][yii\web\HttpException:404] exception 'yii\base\InvalidRouteException' with message 'Unable to resolve the request "gii".' in /mnt/hgfs/development/wwwroot/gesai.test.com/vendor/yiisoft/yii2/base/Module.php:462
Stack trace:
#0 /mnt/hgfs/development/wwwroot/gesai.test.com/vendor/yiisoft/yii2/web/Application.php(100): yii\base\Module->runAction('gii', Array)
#1 /mnt/hgfs/development/wwwroot/gesai.test.com/vendor/yiisoft/yii2/base/Application.php(375): yii\web\Application->handleRequest(Object(yii\web\Request))
#2 /mnt/hgfs/development/wwwroot/gesai.test.com/frontend/web/index.php(17): yii\base\Application->run()
#3 {main}

Next exception 'yii\web\NotFoundHttpException' with message 'Page not found.' in /mnt/hgfs/development/wwwroot/gesai.test.com/vendor/yiisoft/yii2/web/Application.php:112
Stack trace:
#0 /mnt/hgfs/development/wwwroot/gesai.test.com/vendor/yiisoft/yii2/base/Application.php(375): yii\web\Application->handleRequest(Object(yii\web\Request))
#1 /mnt/hgfs/development/wwwroot/gesai.test.com/frontend/web/index.php(17): yii\base\Application->run()
#2 {main}
2016-12-17 16:21:30 [192.168.59.1][1][l3k8qo45a463bkj1hk925572c7][info][application] $_GET = [
    'r' => 'gii'
]

$_COOKIE = [
    '_csrf-backend' => '88e31401bbda466672825ab05a59445a32d1f790b089b57adc2ce08cb3550ec4a:2:{i:0;s:13:\"_csrf-backend\";i:1;s:32:\"PEa94W5i1X2I7qn_9Tff_eZpcAi5-3dl\";}'
    '_csrf-frontend' => '28ace7abbf550cf9d39df7d09dc93aa08580598d6af52f61923641ac078cdb61a:2:{i:0;s:14:\"_csrf-frontend\";i:1;s:32:\"1gzQXrSUUCeNk4n81TzcrJLv-Jv8HEi9\";}'
    'advanced-frontend' => 'l3k8qo45a463bkj1hk925572c7'
    'advanced-backend' => 'eqgkbdqlv8k07t7vt06ts46lp2'
]

$_SESSION = [
    '__flash' => []
    '__captcha/site/captcha' => 'tomdge'
    '__captcha/site/captchacount' => 1
    '__id' => 1
]

$_SERVER = [
    'USER' => 'www'
    'HOME' => '/home/www'
    'FCGI_ROLE' => 'RESPONDER'
    'SCRIPT_FILENAME' => '/home/wwwroot/gesai.test.com/frontend/web/index.php'
    'QUERY_STRING' => 'r=gii'
    'REQUEST_METHOD' => 'GET'
    'CONTENT_TYPE' => ''
    'CONTENT_LENGTH' => ''
    'SCRIPT_NAME' => '/frontend/web/index.php'
    'REQUEST_URI' => '/frontend/web/index.php?r=gii'
    'DOCUMENT_URI' => '/frontend/web/index.php'
    'DOCUMENT_ROOT' => '/home/wwwroot/gesai.test.com'
    'SERVER_PROTOCOL' => 'HTTP/1.1'
    'GATEWAY_INTERFACE' => 'CGI/1.1'
    'SERVER_SOFTWARE' => 'nginx/1.8.0'
    'REMOTE_ADDR' => '192.168.59.1'
    'REMOTE_PORT' => '51726'
    'SERVER_ADDR' => '192.168.59.154'
    'SERVER_PORT' => '80'
    'SERVER_NAME' => 'gesai.test.com'
    'REDIRECT_STATUS' => '200'
    'HTTP_HOST' => 'gesai.test.com'
    'HTTP_CONNECTION' => 'keep-alive'
    'HTTP_CACHE_CONTROL' => 'max-age=0'
    'HTTP_ACCEPT' => 'text/html,application/xhtml+xml,application/xml;q=0.9,image/webp,*/*;q=0.8'
    'HTTP_UPGRADE_INSECURE_REQUESTS' => '1'
    'HTTP_USER_AGENT' => 'Mozilla/5.0 (Windows NT 6.3; WOW64) AppleWebKit/537.36 (KHTML, like Gecko) Chrome/49.0.2623.110 Safari/537.36'
    'HTTP_ACCEPT_ENCODING' => 'gzip, deflate, sdch'
    'HTTP_ACCEPT_LANGUAGE' => 'zh-CN,zh;q=0.8'
    'HTTP_COOKIE' => '_csrf-backend=88e31401bbda466672825ab05a59445a32d1f790b089b57adc2ce08cb3550ec4a%3A2%3A%7Bi%3A0%3Bs%3A13%3A%22_csrf-backend%22%3Bi%3A1%3Bs%3A32%3A%22PEa94W5i1X2I7qn_9Tff_eZpcAi5-3dl%22%3B%7D; _csrf-frontend=28ace7abbf550cf9d39df7d09dc93aa08580598d6af52f61923641ac078cdb61a%3A2%3A%7Bi%3A0%3Bs%3A14%3A%22_csrf-frontend%22%3Bi%3A1%3Bs%3A32%3A%221gzQXrSUUCeNk4n81TzcrJLv-Jv8HEi9%22%3B%7D; advanced-frontend=l3k8qo45a463bkj1hk925572c7; advanced-backend=eqgkbdqlv8k07t7vt06ts46lp2'
    'PHP_SELF' => '/frontend/web/index.php'
    'REQUEST_TIME_FLOAT' => 1481962890.1678
    'REQUEST_TIME' => 1481962890
]
2016-12-17 16:21:30 [192.168.59.1][1][l3k8qo45a463bkj1hk925572c7][error][yii\web\HttpException:404] exception 'yii\base\InvalidRouteException' with message 'Unable to resolve the request "gii".' in /mnt/hgfs/development/wwwroot/gesai.test.com/vendor/yiisoft/yii2/base/Module.php:462
Stack trace:
#0 /mnt/hgfs/development/wwwroot/gesai.test.com/vendor/yiisoft/yii2/web/Application.php(100): yii\base\Module->runAction('gii', Array)
#1 /mnt/hgfs/development/wwwroot/gesai.test.com/vendor/yiisoft/yii2/base/Application.php(375): yii\web\Application->handleRequest(Object(yii\web\Request))
#2 /mnt/hgfs/development/wwwroot/gesai.test.com/frontend/web/index.php(17): yii\base\Application->run()
#3 {main}

Next exception 'yii\web\NotFoundHttpException' with message 'Page not found.' in /mnt/hgfs/development/wwwroot/gesai.test.com/vendor/yiisoft/yii2/web/Application.php:112
Stack trace:
#0 /mnt/hgfs/development/wwwroot/gesai.test.com/vendor/yiisoft/yii2/base/Application.php(375): yii\web\Application->handleRequest(Object(yii\web\Request))
#1 /mnt/hgfs/development/wwwroot/gesai.test.com/frontend/web/index.php(17): yii\base\Application->run()
#2 {main}
2016-12-17 16:21:30 [192.168.59.1][1][l3k8qo45a463bkj1hk925572c7][info][application] $_GET = [
    'r' => 'gii'
]

$_COOKIE = [
    '_csrf-backend' => '88e31401bbda466672825ab05a59445a32d1f790b089b57adc2ce08cb3550ec4a:2:{i:0;s:13:\"_csrf-backend\";i:1;s:32:\"PEa94W5i1X2I7qn_9Tff_eZpcAi5-3dl\";}'
    '_csrf-frontend' => '28ace7abbf550cf9d39df7d09dc93aa08580598d6af52f61923641ac078cdb61a:2:{i:0;s:14:\"_csrf-frontend\";i:1;s:32:\"1gzQXrSUUCeNk4n81TzcrJLv-Jv8HEi9\";}'
    'advanced-frontend' => 'l3k8qo45a463bkj1hk925572c7'
    'advanced-backend' => 'eqgkbdqlv8k07t7vt06ts46lp2'
]

$_SESSION = [
    '__flash' => []
    '__captcha/site/captcha' => 'tomdge'
    '__captcha/site/captchacount' => 1
    '__id' => 1
]

$_SERVER = [
    'USER' => 'www'
    'HOME' => '/home/www'
    'FCGI_ROLE' => 'RESPONDER'
    'SCRIPT_FILENAME' => '/home/wwwroot/gesai.test.com/frontend/web/index.php'
    'QUERY_STRING' => 'r=gii'
    'REQUEST_METHOD' => 'GET'
    'CONTENT_TYPE' => ''
    'CONTENT_LENGTH' => ''
    'SCRIPT_NAME' => '/frontend/web/index.php'
    'REQUEST_URI' => '/frontend/web/index.php?r=gii'
    'DOCUMENT_URI' => '/frontend/web/index.php'
    'DOCUMENT_ROOT' => '/home/wwwroot/gesai.test.com'
    'SERVER_PROTOCOL' => 'HTTP/1.1'
    'GATEWAY_INTERFACE' => 'CGI/1.1'
    'SERVER_SOFTWARE' => 'nginx/1.8.0'
    'REMOTE_ADDR' => '192.168.59.1'
    'REMOTE_PORT' => '51722'
    'SERVER_ADDR' => '192.168.59.154'
    'SERVER_PORT' => '80'
    'SERVER_NAME' => 'gesai.test.com'
    'REDIRECT_STATUS' => '200'
    'HTTP_HOST' => 'gesai.test.com'
    'HTTP_CONNECTION' => 'keep-alive'
    'HTTP_CACHE_CONTROL' => 'max-age=0'
    'HTTP_ACCEPT' => 'text/html,application/xhtml+xml,application/xml;q=0.9,image/webp,*/*;q=0.8'
    'HTTP_UPGRADE_INSECURE_REQUESTS' => '1'
    'HTTP_USER_AGENT' => 'Mozilla/5.0 (Windows NT 6.3; WOW64) AppleWebKit/537.36 (KHTML, like Gecko) Chrome/49.0.2623.110 Safari/537.36'
    'HTTP_ACCEPT_ENCODING' => 'gzip, deflate, sdch'
    'HTTP_ACCEPT_LANGUAGE' => 'zh-CN,zh;q=0.8'
    'HTTP_COOKIE' => '_csrf-backend=88e31401bbda466672825ab05a59445a32d1f790b089b57adc2ce08cb3550ec4a%3A2%3A%7Bi%3A0%3Bs%3A13%3A%22_csrf-backend%22%3Bi%3A1%3Bs%3A32%3A%22PEa94W5i1X2I7qn_9Tff_eZpcAi5-3dl%22%3B%7D; _csrf-frontend=28ace7abbf550cf9d39df7d09dc93aa08580598d6af52f61923641ac078cdb61a%3A2%3A%7Bi%3A0%3Bs%3A14%3A%22_csrf-frontend%22%3Bi%3A1%3Bs%3A32%3A%221gzQXrSUUCeNk4n81TzcrJLv-Jv8HEi9%22%3B%7D; advanced-frontend=l3k8qo45a463bkj1hk925572c7; advanced-backend=eqgkbdqlv8k07t7vt06ts46lp2'
    'PHP_SELF' => '/frontend/web/index.php'
    'REQUEST_TIME_FLOAT' => 1481962890.6396
    'REQUEST_TIME' => 1481962890
]
2016-12-17 16:21:31 [192.168.59.1][1][l3k8qo45a463bkj1hk925572c7][error][yii\web\HttpException:404] exception 'yii\base\InvalidRouteException' with message 'Unable to resolve the request "gii".' in /mnt/hgfs/development/wwwroot/gesai.test.com/vendor/yiisoft/yii2/base/Module.php:462
Stack trace:
#0 /mnt/hgfs/development/wwwroot/gesai.test.com/vendor/yiisoft/yii2/web/Application.php(100): yii\base\Module->runAction('gii', Array)
#1 /mnt/hgfs/development/wwwroot/gesai.test.com/vendor/yiisoft/yii2/base/Application.php(375): yii\web\Application->handleRequest(Object(yii\web\Request))
#2 /mnt/hgfs/development/wwwroot/gesai.test.com/frontend/web/index.php(17): yii\base\Application->run()
#3 {main}

Next exception 'yii\web\NotFoundHttpException' with message 'Page not found.' in /mnt/hgfs/development/wwwroot/gesai.test.com/vendor/yiisoft/yii2/web/Application.php:112
Stack trace:
#0 /mnt/hgfs/development/wwwroot/gesai.test.com/vendor/yiisoft/yii2/base/Application.php(375): yii\web\Application->handleRequest(Object(yii\web\Request))
#1 /mnt/hgfs/development/wwwroot/gesai.test.com/frontend/web/index.php(17): yii\base\Application->run()
#2 {main}
2016-12-17 16:21:31 [192.168.59.1][1][l3k8qo45a463bkj1hk925572c7][info][application] $_GET = [
    'r' => 'gii'
]

$_COOKIE = [
    '_csrf-backend' => '88e31401bbda466672825ab05a59445a32d1f790b089b57adc2ce08cb3550ec4a:2:{i:0;s:13:\"_csrf-backend\";i:1;s:32:\"PEa94W5i1X2I7qn_9Tff_eZpcAi5-3dl\";}'
    '_csrf-frontend' => '28ace7abbf550cf9d39df7d09dc93aa08580598d6af52f61923641ac078cdb61a:2:{i:0;s:14:\"_csrf-frontend\";i:1;s:32:\"1gzQXrSUUCeNk4n81TzcrJLv-Jv8HEi9\";}'
    'advanced-frontend' => 'l3k8qo45a463bkj1hk925572c7'
    'advanced-backend' => 'eqgkbdqlv8k07t7vt06ts46lp2'
]

$_SESSION = [
    '__flash' => []
    '__captcha/site/captcha' => 'tomdge'
    '__captcha/site/captchacount' => 1
    '__id' => 1
]

$_SERVER = [
    'USER' => 'www'
    'HOME' => '/home/www'
    'FCGI_ROLE' => 'RESPONDER'
    'SCRIPT_FILENAME' => '/home/wwwroot/gesai.test.com/frontend/web/index.php'
    'QUERY_STRING' => 'r=gii'
    'REQUEST_METHOD' => 'GET'
    'CONTENT_TYPE' => ''
    'CONTENT_LENGTH' => ''
    'SCRIPT_NAME' => '/frontend/web/index.php'
    'REQUEST_URI' => '/frontend/web/index.php?r=gii'
    'DOCUMENT_URI' => '/frontend/web/index.php'
    'DOCUMENT_ROOT' => '/home/wwwroot/gesai.test.com'
    'SERVER_PROTOCOL' => 'HTTP/1.1'
    'GATEWAY_INTERFACE' => 'CGI/1.1'
    'SERVER_SOFTWARE' => 'nginx/1.8.0'
    'REMOTE_ADDR' => '192.168.59.1'
    'REMOTE_PORT' => '51726'
    'SERVER_ADDR' => '192.168.59.154'
    'SERVER_PORT' => '80'
    'SERVER_NAME' => 'gesai.test.com'
    'REDIRECT_STATUS' => '200'
    'HTTP_HOST' => 'gesai.test.com'
    'HTTP_CONNECTION' => 'keep-alive'
    'HTTP_CACHE_CONTROL' => 'max-age=0'
    'HTTP_ACCEPT' => 'text/html,application/xhtml+xml,application/xml;q=0.9,image/webp,*/*;q=0.8'
    'HTTP_UPGRADE_INSECURE_REQUESTS' => '1'
    'HTTP_USER_AGENT' => 'Mozilla/5.0 (Windows NT 6.3; WOW64) AppleWebKit/537.36 (KHTML, like Gecko) Chrome/49.0.2623.110 Safari/537.36'
    'HTTP_ACCEPT_ENCODING' => 'gzip, deflate, sdch'
    'HTTP_ACCEPT_LANGUAGE' => 'zh-CN,zh;q=0.8'
    'HTTP_COOKIE' => '_csrf-backend=88e31401bbda466672825ab05a59445a32d1f790b089b57adc2ce08cb3550ec4a%3A2%3A%7Bi%3A0%3Bs%3A13%3A%22_csrf-backend%22%3Bi%3A1%3Bs%3A32%3A%22PEa94W5i1X2I7qn_9Tff_eZpcAi5-3dl%22%3B%7D; _csrf-frontend=28ace7abbf550cf9d39df7d09dc93aa08580598d6af52f61923641ac078cdb61a%3A2%3A%7Bi%3A0%3Bs%3A14%3A%22_csrf-frontend%22%3Bi%3A1%3Bs%3A32%3A%221gzQXrSUUCeNk4n81TzcrJLv-Jv8HEi9%22%3B%7D; advanced-frontend=l3k8qo45a463bkj1hk925572c7; advanced-backend=eqgkbdqlv8k07t7vt06ts46lp2'
    'PHP_SELF' => '/frontend/web/index.php'
    'REQUEST_TIME_FLOAT' => 1481962891.0086
    'REQUEST_TIME' => 1481962891
]
2016-12-17 16:21:31 [192.168.59.1][1][l3k8qo45a463bkj1hk925572c7][error][yii\web\HttpException:404] exception 'yii\base\InvalidRouteException' with message 'Unable to resolve the request "gii".' in /mnt/hgfs/development/wwwroot/gesai.test.com/vendor/yiisoft/yii2/base/Module.php:462
Stack trace:
#0 /mnt/hgfs/development/wwwroot/gesai.test.com/vendor/yiisoft/yii2/web/Application.php(100): yii\base\Module->runAction('gii', Array)
#1 /mnt/hgfs/development/wwwroot/gesai.test.com/vendor/yiisoft/yii2/base/Application.php(375): yii\web\Application->handleRequest(Object(yii\web\Request))
#2 /mnt/hgfs/development/wwwroot/gesai.test.com/frontend/web/index.php(17): yii\base\Application->run()
#3 {main}

Next exception 'yii\web\NotFoundHttpException' with message 'Page not found.' in /mnt/hgfs/development/wwwroot/gesai.test.com/vendor/yiisoft/yii2/web/Application.php:112
Stack trace:
#0 /mnt/hgfs/development/wwwroot/gesai.test.com/vendor/yiisoft/yii2/base/Application.php(375): yii\web\Application->handleRequest(Object(yii\web\Request))
#1 /mnt/hgfs/development/wwwroot/gesai.test.com/frontend/web/index.php(17): yii\base\Application->run()
#2 {main}
2016-12-17 16:21:31 [192.168.59.1][1][l3k8qo45a463bkj1hk925572c7][info][application] $_GET = [
    'r' => 'gii'
]

$_COOKIE = [
    '_csrf-backend' => '88e31401bbda466672825ab05a59445a32d1f790b089b57adc2ce08cb3550ec4a:2:{i:0;s:13:\"_csrf-backend\";i:1;s:32:\"PEa94W5i1X2I7qn_9Tff_eZpcAi5-3dl\";}'
    '_csrf-frontend' => '28ace7abbf550cf9d39df7d09dc93aa08580598d6af52f61923641ac078cdb61a:2:{i:0;s:14:\"_csrf-frontend\";i:1;s:32:\"1gzQXrSUUCeNk4n81TzcrJLv-Jv8HEi9\";}'
    'advanced-frontend' => 'l3k8qo45a463bkj1hk925572c7'
    'advanced-backend' => 'eqgkbdqlv8k07t7vt06ts46lp2'
]

$_SESSION = [
    '__flash' => []
    '__captcha/site/captcha' => 'tomdge'
    '__captcha/site/captchacount' => 1
    '__id' => 1
]

$_SERVER = [
    'USER' => 'www'
    'HOME' => '/home/www'
    'FCGI_ROLE' => 'RESPONDER'
    'SCRIPT_FILENAME' => '/home/wwwroot/gesai.test.com/frontend/web/index.php'
    'QUERY_STRING' => 'r=gii'
    'REQUEST_METHOD' => 'GET'
    'CONTENT_TYPE' => ''
    'CONTENT_LENGTH' => ''
    'SCRIPT_NAME' => '/frontend/web/index.php'
    'REQUEST_URI' => '/frontend/web/index.php?r=gii'
    'DOCUMENT_URI' => '/frontend/web/index.php'
    'DOCUMENT_ROOT' => '/home/wwwroot/gesai.test.com'
    'SERVER_PROTOCOL' => 'HTTP/1.1'
    'GATEWAY_INTERFACE' => 'CGI/1.1'
    'SERVER_SOFTWARE' => 'nginx/1.8.0'
    'REMOTE_ADDR' => '192.168.59.1'
    'REMOTE_PORT' => '51722'
    'SERVER_ADDR' => '192.168.59.154'
    'SERVER_PORT' => '80'
    'SERVER_NAME' => 'gesai.test.com'
    'REDIRECT_STATUS' => '200'
    'HTTP_HOST' => 'gesai.test.com'
    'HTTP_CONNECTION' => 'keep-alive'
    'HTTP_CACHE_CONTROL' => 'max-age=0'
    'HTTP_ACCEPT' => 'text/html,application/xhtml+xml,application/xml;q=0.9,image/webp,*/*;q=0.8'
    'HTTP_UPGRADE_INSECURE_REQUESTS' => '1'
    'HTTP_USER_AGENT' => 'Mozilla/5.0 (Windows NT 6.3; WOW64) AppleWebKit/537.36 (KHTML, like Gecko) Chrome/49.0.2623.110 Safari/537.36'
    'HTTP_ACCEPT_ENCODING' => 'gzip, deflate, sdch'
    'HTTP_ACCEPT_LANGUAGE' => 'zh-CN,zh;q=0.8'
    'HTTP_COOKIE' => '_csrf-backend=88e31401bbda466672825ab05a59445a32d1f790b089b57adc2ce08cb3550ec4a%3A2%3A%7Bi%3A0%3Bs%3A13%3A%22_csrf-backend%22%3Bi%3A1%3Bs%3A32%3A%22PEa94W5i1X2I7qn_9Tff_eZpcAi5-3dl%22%3B%7D; _csrf-frontend=28ace7abbf550cf9d39df7d09dc93aa08580598d6af52f61923641ac078cdb61a%3A2%3A%7Bi%3A0%3Bs%3A14%3A%22_csrf-frontend%22%3Bi%3A1%3Bs%3A32%3A%221gzQXrSUUCeNk4n81TzcrJLv-Jv8HEi9%22%3B%7D; advanced-frontend=l3k8qo45a463bkj1hk925572c7; advanced-backend=eqgkbdqlv8k07t7vt06ts46lp2'
    'PHP_SELF' => '/frontend/web/index.php'
    'REQUEST_TIME_FLOAT' => 1481962891.3101
    'REQUEST_TIME' => 1481962891
]
2016-12-17 16:21:31 [192.168.59.1][1][l3k8qo45a463bkj1hk925572c7][error][yii\web\HttpException:404] exception 'yii\base\InvalidRouteException' with message 'Unable to resolve the request "gii".' in /mnt/hgfs/development/wwwroot/gesai.test.com/vendor/yiisoft/yii2/base/Module.php:462
Stack trace:
#0 /mnt/hgfs/development/wwwroot/gesai.test.com/vendor/yiisoft/yii2/web/Application.php(100): yii\base\Module->runAction('gii', Array)
#1 /mnt/hgfs/development/wwwroot/gesai.test.com/vendor/yiisoft/yii2/base/Application.php(375): yii\web\Application->handleRequest(Object(yii\web\Request))
#2 /mnt/hgfs/development/wwwroot/gesai.test.com/frontend/web/index.php(17): yii\base\Application->run()
#3 {main}

Next exception 'yii\web\NotFoundHttpException' with message 'Page not found.' in /mnt/hgfs/development/wwwroot/gesai.test.com/vendor/yiisoft/yii2/web/Application.php:112
Stack trace:
#0 /mnt/hgfs/development/wwwroot/gesai.test.com/vendor/yiisoft/yii2/base/Application.php(375): yii\web\Application->handleRequest(Object(yii\web\Request))
#1 /mnt/hgfs/development/wwwroot/gesai.test.com/frontend/web/index.php(17): yii\base\Application->run()
#2 {main}
2016-12-17 16:21:31 [192.168.59.1][1][l3k8qo45a463bkj1hk925572c7][info][application] $_GET = [
    'r' => 'gii'
]

$_COOKIE = [
    '_csrf-backend' => '88e31401bbda466672825ab05a59445a32d1f790b089b57adc2ce08cb3550ec4a:2:{i:0;s:13:\"_csrf-backend\";i:1;s:32:\"PEa94W5i1X2I7qn_9Tff_eZpcAi5-3dl\";}'
    '_csrf-frontend' => '28ace7abbf550cf9d39df7d09dc93aa08580598d6af52f61923641ac078cdb61a:2:{i:0;s:14:\"_csrf-frontend\";i:1;s:32:\"1gzQXrSUUCeNk4n81TzcrJLv-Jv8HEi9\";}'
    'advanced-frontend' => 'l3k8qo45a463bkj1hk925572c7'
    'advanced-backend' => 'eqgkbdqlv8k07t7vt06ts46lp2'
]

$_SESSION = [
    '__flash' => []
    '__captcha/site/captcha' => 'tomdge'
    '__captcha/site/captchacount' => 1
    '__id' => 1
]

$_SERVER = [
    'USER' => 'www'
    'HOME' => '/home/www'
    'FCGI_ROLE' => 'RESPONDER'
    'SCRIPT_FILENAME' => '/home/wwwroot/gesai.test.com/frontend/web/index.php'
    'QUERY_STRING' => 'r=gii'
    'REQUEST_METHOD' => 'GET'
    'CONTENT_TYPE' => ''
    'CONTENT_LENGTH' => ''
    'SCRIPT_NAME' => '/frontend/web/index.php'
    'REQUEST_URI' => '/frontend/web/index.php?r=gii'
    'DOCUMENT_URI' => '/frontend/web/index.php'
    'DOCUMENT_ROOT' => '/home/wwwroot/gesai.test.com'
    'SERVER_PROTOCOL' => 'HTTP/1.1'
    'GATEWAY_INTERFACE' => 'CGI/1.1'
    'SERVER_SOFTWARE' => 'nginx/1.8.0'
    'REMOTE_ADDR' => '192.168.59.1'
    'REMOTE_PORT' => '51726'
    'SERVER_ADDR' => '192.168.59.154'
    'SERVER_PORT' => '80'
    'SERVER_NAME' => 'gesai.test.com'
    'REDIRECT_STATUS' => '200'
    'HTTP_HOST' => 'gesai.test.com'
    'HTTP_CONNECTION' => 'keep-alive'
    'HTTP_CACHE_CONTROL' => 'max-age=0'
    'HTTP_ACCEPT' => 'text/html,application/xhtml+xml,application/xml;q=0.9,image/webp,*/*;q=0.8'
    'HTTP_UPGRADE_INSECURE_REQUESTS' => '1'
    'HTTP_USER_AGENT' => 'Mozilla/5.0 (Windows NT 6.3; WOW64) AppleWebKit/537.36 (KHTML, like Gecko) Chrome/49.0.2623.110 Safari/537.36'
    'HTTP_ACCEPT_ENCODING' => 'gzip, deflate, sdch'
    'HTTP_ACCEPT_LANGUAGE' => 'zh-CN,zh;q=0.8'
    'HTTP_COOKIE' => '_csrf-backend=88e31401bbda466672825ab05a59445a32d1f790b089b57adc2ce08cb3550ec4a%3A2%3A%7Bi%3A0%3Bs%3A13%3A%22_csrf-backend%22%3Bi%3A1%3Bs%3A32%3A%22PEa94W5i1X2I7qn_9Tff_eZpcAi5-3dl%22%3B%7D; _csrf-frontend=28ace7abbf550cf9d39df7d09dc93aa08580598d6af52f61923641ac078cdb61a%3A2%3A%7Bi%3A0%3Bs%3A14%3A%22_csrf-frontend%22%3Bi%3A1%3Bs%3A32%3A%221gzQXrSUUCeNk4n81TzcrJLv-Jv8HEi9%22%3B%7D; advanced-frontend=l3k8qo45a463bkj1hk925572c7; advanced-backend=eqgkbdqlv8k07t7vt06ts46lp2'
    'PHP_SELF' => '/frontend/web/index.php'
    'REQUEST_TIME_FLOAT' => 1481962891.64
    'REQUEST_TIME' => 1481962891
]
2016-12-17 16:21:32 [192.168.59.1][1][l3k8qo45a463bkj1hk925572c7][error][yii\web\HttpException:404] exception 'yii\base\InvalidRouteException' with message 'Unable to resolve the request "gii".' in /mnt/hgfs/development/wwwroot/gesai.test.com/vendor/yiisoft/yii2/base/Module.php:462
Stack trace:
#0 /mnt/hgfs/development/wwwroot/gesai.test.com/vendor/yiisoft/yii2/web/Application.php(100): yii\base\Module->runAction('gii', Array)
#1 /mnt/hgfs/development/wwwroot/gesai.test.com/vendor/yiisoft/yii2/base/Application.php(375): yii\web\Application->handleRequest(Object(yii\web\Request))
#2 /mnt/hgfs/development/wwwroot/gesai.test.com/frontend/web/index.php(17): yii\base\Application->run()
#3 {main}

Next exception 'yii\web\NotFoundHttpException' with message 'Page not found.' in /mnt/hgfs/development/wwwroot/gesai.test.com/vendor/yiisoft/yii2/web/Application.php:112
Stack trace:
#0 /mnt/hgfs/development/wwwroot/gesai.test.com/vendor/yiisoft/yii2/base/Application.php(375): yii\web\Application->handleRequest(Object(yii\web\Request))
#1 /mnt/hgfs/development/wwwroot/gesai.test.com/frontend/web/index.php(17): yii\base\Application->run()
#2 {main}
2016-12-17 16:21:32 [192.168.59.1][1][l3k8qo45a463bkj1hk925572c7][info][application] $_GET = [
    'r' => 'gii'
]

$_COOKIE = [
    '_csrf-backend' => '88e31401bbda466672825ab05a59445a32d1f790b089b57adc2ce08cb3550ec4a:2:{i:0;s:13:\"_csrf-backend\";i:1;s:32:\"PEa94W5i1X2I7qn_9Tff_eZpcAi5-3dl\";}'
    '_csrf-frontend' => '28ace7abbf550cf9d39df7d09dc93aa08580598d6af52f61923641ac078cdb61a:2:{i:0;s:14:\"_csrf-frontend\";i:1;s:32:\"1gzQXrSUUCeNk4n81TzcrJLv-Jv8HEi9\";}'
    'advanced-frontend' => 'l3k8qo45a463bkj1hk925572c7'
    'advanced-backend' => 'eqgkbdqlv8k07t7vt06ts46lp2'
]

$_SESSION = [
    '__flash' => []
    '__captcha/site/captcha' => 'tomdge'
    '__captcha/site/captchacount' => 1
    '__id' => 1
]

$_SERVER = [
    'USER' => 'www'
    'HOME' => '/home/www'
    'FCGI_ROLE' => 'RESPONDER'
    'SCRIPT_FILENAME' => '/home/wwwroot/gesai.test.com/frontend/web/index.php'
    'QUERY_STRING' => 'r=gii'
    'REQUEST_METHOD' => 'GET'
    'CONTENT_TYPE' => ''
    'CONTENT_LENGTH' => ''
    'SCRIPT_NAME' => '/frontend/web/index.php'
    'REQUEST_URI' => '/frontend/web/index.php?r=gii'
    'DOCUMENT_URI' => '/frontend/web/index.php'
    'DOCUMENT_ROOT' => '/home/wwwroot/gesai.test.com'
    'SERVER_PROTOCOL' => 'HTTP/1.1'
    'GATEWAY_INTERFACE' => 'CGI/1.1'
    'SERVER_SOFTWARE' => 'nginx/1.8.0'
    'REMOTE_ADDR' => '192.168.59.1'
    'REMOTE_PORT' => '51722'
    'SERVER_ADDR' => '192.168.59.154'
    'SERVER_PORT' => '80'
    'SERVER_NAME' => 'gesai.test.com'
    'REDIRECT_STATUS' => '200'
    'HTTP_HOST' => 'gesai.test.com'
    'HTTP_CONNECTION' => 'keep-alive'
    'HTTP_CACHE_CONTROL' => 'max-age=0'
    'HTTP_ACCEPT' => 'text/html,application/xhtml+xml,application/xml;q=0.9,image/webp,*/*;q=0.8'
    'HTTP_UPGRADE_INSECURE_REQUESTS' => '1'
    'HTTP_USER_AGENT' => 'Mozilla/5.0 (Windows NT 6.3; WOW64) AppleWebKit/537.36 (KHTML, like Gecko) Chrome/49.0.2623.110 Safari/537.36'
    'HTTP_ACCEPT_ENCODING' => 'gzip, deflate, sdch'
    'HTTP_ACCEPT_LANGUAGE' => 'zh-CN,zh;q=0.8'
    'HTTP_COOKIE' => '_csrf-backend=88e31401bbda466672825ab05a59445a32d1f790b089b57adc2ce08cb3550ec4a%3A2%3A%7Bi%3A0%3Bs%3A13%3A%22_csrf-backend%22%3Bi%3A1%3Bs%3A32%3A%22PEa94W5i1X2I7qn_9Tff_eZpcAi5-3dl%22%3B%7D; _csrf-frontend=28ace7abbf550cf9d39df7d09dc93aa08580598d6af52f61923641ac078cdb61a%3A2%3A%7Bi%3A0%3Bs%3A14%3A%22_csrf-frontend%22%3Bi%3A1%3Bs%3A32%3A%221gzQXrSUUCeNk4n81TzcrJLv-Jv8HEi9%22%3B%7D; advanced-frontend=l3k8qo45a463bkj1hk925572c7; advanced-backend=eqgkbdqlv8k07t7vt06ts46lp2'
    'PHP_SELF' => '/frontend/web/index.php'
    'REQUEST_TIME_FLOAT' => 1481962892.0328
    'REQUEST_TIME' => 1481962892
]
2016-12-17 16:21:32 [192.168.59.1][1][l3k8qo45a463bkj1hk925572c7][error][yii\web\HttpException:404] exception 'yii\base\InvalidRouteException' with message 'Unable to resolve the request "gii".' in /mnt/hgfs/development/wwwroot/gesai.test.com/vendor/yiisoft/yii2/base/Module.php:462
Stack trace:
#0 /mnt/hgfs/development/wwwroot/gesai.test.com/vendor/yiisoft/yii2/web/Application.php(100): yii\base\Module->runAction('gii', Array)
#1 /mnt/hgfs/development/wwwroot/gesai.test.com/vendor/yiisoft/yii2/base/Application.php(375): yii\web\Application->handleRequest(Object(yii\web\Request))
#2 /mnt/hgfs/development/wwwroot/gesai.test.com/frontend/web/index.php(17): yii\base\Application->run()
#3 {main}

Next exception 'yii\web\NotFoundHttpException' with message 'Page not found.' in /mnt/hgfs/development/wwwroot/gesai.test.com/vendor/yiisoft/yii2/web/Application.php:112
Stack trace:
#0 /mnt/hgfs/development/wwwroot/gesai.test.com/vendor/yiisoft/yii2/base/Application.php(375): yii\web\Application->handleRequest(Object(yii\web\Request))
#1 /mnt/hgfs/development/wwwroot/gesai.test.com/frontend/web/index.php(17): yii\base\Application->run()
#2 {main}
2016-12-17 16:21:32 [192.168.59.1][1][l3k8qo45a463bkj1hk925572c7][info][application] $_GET = [
    'r' => 'gii'
]

$_COOKIE = [
    '_csrf-backend' => '88e31401bbda466672825ab05a59445a32d1f790b089b57adc2ce08cb3550ec4a:2:{i:0;s:13:\"_csrf-backend\";i:1;s:32:\"PEa94W5i1X2I7qn_9Tff_eZpcAi5-3dl\";}'
    '_csrf-frontend' => '28ace7abbf550cf9d39df7d09dc93aa08580598d6af52f61923641ac078cdb61a:2:{i:0;s:14:\"_csrf-frontend\";i:1;s:32:\"1gzQXrSUUCeNk4n81TzcrJLv-Jv8HEi9\";}'
    'advanced-frontend' => 'l3k8qo45a463bkj1hk925572c7'
    'advanced-backend' => 'eqgkbdqlv8k07t7vt06ts46lp2'
]

$_SESSION = [
    '__flash' => []
    '__captcha/site/captcha' => 'tomdge'
    '__captcha/site/captchacount' => 1
    '__id' => 1
]

$_SERVER = [
    'USER' => 'www'
    'HOME' => '/home/www'
    'FCGI_ROLE' => 'RESPONDER'
    'SCRIPT_FILENAME' => '/home/wwwroot/gesai.test.com/frontend/web/index.php'
    'QUERY_STRING' => 'r=gii'
    'REQUEST_METHOD' => 'GET'
    'CONTENT_TYPE' => ''
    'CONTENT_LENGTH' => ''
    'SCRIPT_NAME' => '/frontend/web/index.php'
    'REQUEST_URI' => '/frontend/web/index.php?r=gii'
    'DOCUMENT_URI' => '/frontend/web/index.php'
    'DOCUMENT_ROOT' => '/home/wwwroot/gesai.test.com'
    'SERVER_PROTOCOL' => 'HTTP/1.1'
    'GATEWAY_INTERFACE' => 'CGI/1.1'
    'SERVER_SOFTWARE' => 'nginx/1.8.0'
    'REMOTE_ADDR' => '192.168.59.1'
    'REMOTE_PORT' => '51726'
    'SERVER_ADDR' => '192.168.59.154'
    'SERVER_PORT' => '80'
    'SERVER_NAME' => 'gesai.test.com'
    'REDIRECT_STATUS' => '200'
    'HTTP_HOST' => 'gesai.test.com'
    'HTTP_CONNECTION' => 'keep-alive'
    'HTTP_CACHE_CONTROL' => 'max-age=0'
    'HTTP_ACCEPT' => 'text/html,application/xhtml+xml,application/xml;q=0.9,image/webp,*/*;q=0.8'
    'HTTP_UPGRADE_INSECURE_REQUESTS' => '1'
    'HTTP_USER_AGENT' => 'Mozilla/5.0 (Windows NT 6.3; WOW64) AppleWebKit/537.36 (KHTML, like Gecko) Chrome/49.0.2623.110 Safari/537.36'
    'HTTP_ACCEPT_ENCODING' => 'gzip, deflate, sdch'
    'HTTP_ACCEPT_LANGUAGE' => 'zh-CN,zh;q=0.8'
    'HTTP_COOKIE' => '_csrf-backend=88e31401bbda466672825ab05a59445a32d1f790b089b57adc2ce08cb3550ec4a%3A2%3A%7Bi%3A0%3Bs%3A13%3A%22_csrf-backend%22%3Bi%3A1%3Bs%3A32%3A%22PEa94W5i1X2I7qn_9Tff_eZpcAi5-3dl%22%3B%7D; _csrf-frontend=28ace7abbf550cf9d39df7d09dc93aa08580598d6af52f61923641ac078cdb61a%3A2%3A%7Bi%3A0%3Bs%3A14%3A%22_csrf-frontend%22%3Bi%3A1%3Bs%3A32%3A%221gzQXrSUUCeNk4n81TzcrJLv-Jv8HEi9%22%3B%7D; advanced-frontend=l3k8qo45a463bkj1hk925572c7; advanced-backend=eqgkbdqlv8k07t7vt06ts46lp2'
    'PHP_SELF' => '/frontend/web/index.php'
    'REQUEST_TIME_FLOAT' => 1481962892.4471
    'REQUEST_TIME' => 1481962892
]
2016-12-17 16:21:56 [192.168.59.1][1][l3k8qo45a463bkj1hk925572c7][error][yii\web\HttpException:404] exception 'yii\base\InvalidRouteException' with message 'Unable to resolve the request "gii".' in /mnt/hgfs/development/wwwroot/gesai.test.com/vendor/yiisoft/yii2/base/Module.php:462
Stack trace:
#0 /mnt/hgfs/development/wwwroot/gesai.test.com/vendor/yiisoft/yii2/web/Application.php(100): yii\base\Module->runAction('gii', Array)
#1 /mnt/hgfs/development/wwwroot/gesai.test.com/vendor/yiisoft/yii2/base/Application.php(375): yii\web\Application->handleRequest(Object(yii\web\Request))
#2 /mnt/hgfs/development/wwwroot/gesai.test.com/frontend/web/index.php(17): yii\base\Application->run()
#3 {main}

Next exception 'yii\web\NotFoundHttpException' with message 'Page not found.' in /mnt/hgfs/development/wwwroot/gesai.test.com/vendor/yiisoft/yii2/web/Application.php:112
Stack trace:
#0 /mnt/hgfs/development/wwwroot/gesai.test.com/vendor/yiisoft/yii2/base/Application.php(375): yii\web\Application->handleRequest(Object(yii\web\Request))
#1 /mnt/hgfs/development/wwwroot/gesai.test.com/frontend/web/index.php(17): yii\base\Application->run()
#2 {main}
2016-12-17 16:21:56 [192.168.59.1][1][l3k8qo45a463bkj1hk925572c7][info][application] $_GET = [
    'r' => 'gii'
]

$_COOKIE = [
    '_csrf-backend' => '88e31401bbda466672825ab05a59445a32d1f790b089b57adc2ce08cb3550ec4a:2:{i:0;s:13:\"_csrf-backend\";i:1;s:32:\"PEa94W5i1X2I7qn_9Tff_eZpcAi5-3dl\";}'
    '_csrf-frontend' => '28ace7abbf550cf9d39df7d09dc93aa08580598d6af52f61923641ac078cdb61a:2:{i:0;s:14:\"_csrf-frontend\";i:1;s:32:\"1gzQXrSUUCeNk4n81TzcrJLv-Jv8HEi9\";}'
    'advanced-frontend' => 'l3k8qo45a463bkj1hk925572c7'
    'advanced-backend' => 'eqgkbdqlv8k07t7vt06ts46lp2'
]

$_SESSION = [
    '__flash' => []
    '__captcha/site/captcha' => 'tomdge'
    '__captcha/site/captchacount' => 1
    '__id' => 1
]

$_SERVER = [
    'USER' => 'www'
    'HOME' => '/home/www'
    'FCGI_ROLE' => 'RESPONDER'
    'SCRIPT_FILENAME' => '/home/wwwroot/gesai.test.com/frontend/web/index.php'
    'QUERY_STRING' => 'r=gii'
    'REQUEST_METHOD' => 'GET'
    'CONTENT_TYPE' => ''
    'CONTENT_LENGTH' => ''
    'SCRIPT_NAME' => '/frontend/web/index.php'
    'REQUEST_URI' => '/frontend/web/index.php?r=gii'
    'DOCUMENT_URI' => '/frontend/web/index.php'
    'DOCUMENT_ROOT' => '/home/wwwroot/gesai.test.com'
    'SERVER_PROTOCOL' => 'HTTP/1.1'
    'GATEWAY_INTERFACE' => 'CGI/1.1'
    'SERVER_SOFTWARE' => 'nginx/1.8.0'
    'REMOTE_ADDR' => '192.168.59.1'
    'REMOTE_PORT' => '51722'
    'SERVER_ADDR' => '192.168.59.154'
    'SERVER_PORT' => '80'
    'SERVER_NAME' => 'gesai.test.com'
    'REDIRECT_STATUS' => '200'
    'HTTP_HOST' => 'gesai.test.com'
    'HTTP_CONNECTION' => 'keep-alive'
    'HTTP_CACHE_CONTROL' => 'max-age=0'
    'HTTP_ACCEPT' => 'text/html,application/xhtml+xml,application/xml;q=0.9,image/webp,*/*;q=0.8'
    'HTTP_UPGRADE_INSECURE_REQUESTS' => '1'
    'HTTP_USER_AGENT' => 'Mozilla/5.0 (Windows NT 6.3; WOW64) AppleWebKit/537.36 (KHTML, like Gecko) Chrome/49.0.2623.110 Safari/537.36'
    'HTTP_ACCEPT_ENCODING' => 'gzip, deflate, sdch'
    'HTTP_ACCEPT_LANGUAGE' => 'zh-CN,zh;q=0.8'
    'HTTP_COOKIE' => '_csrf-backend=88e31401bbda466672825ab05a59445a32d1f790b089b57adc2ce08cb3550ec4a%3A2%3A%7Bi%3A0%3Bs%3A13%3A%22_csrf-backend%22%3Bi%3A1%3Bs%3A32%3A%22PEa94W5i1X2I7qn_9Tff_eZpcAi5-3dl%22%3B%7D; _csrf-frontend=28ace7abbf550cf9d39df7d09dc93aa08580598d6af52f61923641ac078cdb61a%3A2%3A%7Bi%3A0%3Bs%3A14%3A%22_csrf-frontend%22%3Bi%3A1%3Bs%3A32%3A%221gzQXrSUUCeNk4n81TzcrJLv-Jv8HEi9%22%3B%7D; advanced-frontend=l3k8qo45a463bkj1hk925572c7; advanced-backend=eqgkbdqlv8k07t7vt06ts46lp2'
    'PHP_SELF' => '/frontend/web/index.php'
    'REQUEST_TIME_FLOAT' => 1481962916.1031
    'REQUEST_TIME' => 1481962916
]
2016-12-17 16:21:56 [192.168.59.1][1][l3k8qo45a463bkj1hk925572c7][error][yii\web\HttpException:404] exception 'yii\base\InvalidRouteException' with message 'Unable to resolve the request "gii".' in /mnt/hgfs/development/wwwroot/gesai.test.com/vendor/yiisoft/yii2/base/Module.php:462
Stack trace:
#0 /mnt/hgfs/development/wwwroot/gesai.test.com/vendor/yiisoft/yii2/web/Application.php(100): yii\base\Module->runAction('gii', Array)
#1 /mnt/hgfs/development/wwwroot/gesai.test.com/vendor/yiisoft/yii2/base/Application.php(375): yii\web\Application->handleRequest(Object(yii\web\Request))
#2 /mnt/hgfs/development/wwwroot/gesai.test.com/frontend/web/index.php(17): yii\base\Application->run()
#3 {main}

Next exception 'yii\web\NotFoundHttpException' with message 'Page not found.' in /mnt/hgfs/development/wwwroot/gesai.test.com/vendor/yiisoft/yii2/web/Application.php:112
Stack trace:
#0 /mnt/hgfs/development/wwwroot/gesai.test.com/vendor/yiisoft/yii2/base/Application.php(375): yii\web\Application->handleRequest(Object(yii\web\Request))
#1 /mnt/hgfs/development/wwwroot/gesai.test.com/frontend/web/index.php(17): yii\base\Application->run()
#2 {main}
2016-12-17 16:21:56 [192.168.59.1][1][l3k8qo45a463bkj1hk925572c7][info][application] $_GET = [
    'r' => 'gii'
]

$_COOKIE = [
    '_csrf-backend' => '88e31401bbda466672825ab05a59445a32d1f790b089b57adc2ce08cb3550ec4a:2:{i:0;s:13:\"_csrf-backend\";i:1;s:32:\"PEa94W5i1X2I7qn_9Tff_eZpcAi5-3dl\";}'
    '_csrf-frontend' => '28ace7abbf550cf9d39df7d09dc93aa08580598d6af52f61923641ac078cdb61a:2:{i:0;s:14:\"_csrf-frontend\";i:1;s:32:\"1gzQXrSUUCeNk4n81TzcrJLv-Jv8HEi9\";}'
    'advanced-frontend' => 'l3k8qo45a463bkj1hk925572c7'
    'advanced-backend' => 'eqgkbdqlv8k07t7vt06ts46lp2'
]

$_SESSION = [
    '__flash' => []
    '__captcha/site/captcha' => 'tomdge'
    '__captcha/site/captchacount' => 1
    '__id' => 1
]

$_SERVER = [
    'USER' => 'www'
    'HOME' => '/home/www'
    'FCGI_ROLE' => 'RESPONDER'
    'SCRIPT_FILENAME' => '/home/wwwroot/gesai.test.com/frontend/web/index.php'
    'QUERY_STRING' => 'r=gii'
    'REQUEST_METHOD' => 'GET'
    'CONTENT_TYPE' => ''
    'CONTENT_LENGTH' => ''
    'SCRIPT_NAME' => '/frontend/web/index.php'
    'REQUEST_URI' => '/frontend/web/index.php?r=gii'
    'DOCUMENT_URI' => '/frontend/web/index.php'
    'DOCUMENT_ROOT' => '/home/wwwroot/gesai.test.com'
    'SERVER_PROTOCOL' => 'HTTP/1.1'
    'GATEWAY_INTERFACE' => 'CGI/1.1'
    'SERVER_SOFTWARE' => 'nginx/1.8.0'
    'REMOTE_ADDR' => '192.168.59.1'
    'REMOTE_PORT' => '51726'
    'SERVER_ADDR' => '192.168.59.154'
    'SERVER_PORT' => '80'
    'SERVER_NAME' => 'gesai.test.com'
    'REDIRECT_STATUS' => '200'
    'HTTP_HOST' => 'gesai.test.com'
    'HTTP_CONNECTION' => 'keep-alive'
    'HTTP_CACHE_CONTROL' => 'max-age=0'
    'HTTP_ACCEPT' => 'text/html,application/xhtml+xml,application/xml;q=0.9,image/webp,*/*;q=0.8'
    'HTTP_UPGRADE_INSECURE_REQUESTS' => '1'
    'HTTP_USER_AGENT' => 'Mozilla/5.0 (Windows NT 6.3; WOW64) AppleWebKit/537.36 (KHTML, like Gecko) Chrome/49.0.2623.110 Safari/537.36'
    'HTTP_ACCEPT_ENCODING' => 'gzip, deflate, sdch'
    'HTTP_ACCEPT_LANGUAGE' => 'zh-CN,zh;q=0.8'
    'HTTP_COOKIE' => '_csrf-backend=88e31401bbda466672825ab05a59445a32d1f790b089b57adc2ce08cb3550ec4a%3A2%3A%7Bi%3A0%3Bs%3A13%3A%22_csrf-backend%22%3Bi%3A1%3Bs%3A32%3A%22PEa94W5i1X2I7qn_9Tff_eZpcAi5-3dl%22%3B%7D; _csrf-frontend=28ace7abbf550cf9d39df7d09dc93aa08580598d6af52f61923641ac078cdb61a%3A2%3A%7Bi%3A0%3Bs%3A14%3A%22_csrf-frontend%22%3Bi%3A1%3Bs%3A32%3A%221gzQXrSUUCeNk4n81TzcrJLv-Jv8HEi9%22%3B%7D; advanced-frontend=l3k8qo45a463bkj1hk925572c7; advanced-backend=eqgkbdqlv8k07t7vt06ts46lp2'
    'PHP_SELF' => '/frontend/web/index.php'
    'REQUEST_TIME_FLOAT' => 1481962916.7995
    'REQUEST_TIME' => 1481962916
]
